<?xml version="1.0" encoding="UTF-8"?>
<testng-results ignored="0" total="1" passed="1" failed="0" skipped="0">
  <reporter-output>
  </reporter-output>
  <suite started-at="2023-01-01T15:42:24 CST" name="Surefire suite" finished-at="2023-01-01T15:42:24 CST" duration-ms="63">
    <groups>
    </groups>
    <test started-at="2023-01-01T15:42:24 CST" name="Surefire test" finished-at="2023-01-01T15:42:24 CST" duration-ms="63">
      <class name="session5.POmProject.AppTest">
        <test-method signature="shouldAnswerWithTrue()" started-at="2023-01-01T15:42:24 CST" name="shouldAnswerWithTrue" finished-at="2023-01-01T15:42:24 CST" duration-ms="7" status="PASS">
          <reporter-output>
          </reporter-output>
        </test-method> <!-- shouldAnswerWithTrue -->
      </class> <!-- session5.POmProject.AppTest -->
    </test> <!-- Surefire test -->
  </suite> <!-- Surefire suite -->
</testng-results>
